NET LEARNED FROM SETS {0, 1, 2, 3, 4, 5, 6, 7, 8, 9, 10, 11, 12, 13, 14, 15}
0	—> [1, 0, 0, 0, 0, 0]
1	—> [1, 0, 0, 0, 1, 0]
2	—> [1, 0, 0, 1, 0, 0]
3	—> [1, 0, 0, 1, 1, 0]
4	—> [1, 0, 1, 0, 0, 1]
5	—> [1, 0, 1, 0, 1, 1]
6	—> [1, 0, 1, 1, 0, 1]
7	—> [1, 0, 1, 1, 1, 1]
8	—> [1, 1, 0, 0, 0, 0]
9	—> [1, 1, 0, 0, 1, 0]
10	—> [1, 1, 0, 1, 0, 0]
11	—> [1, 1, 0, 1, 1, 0]
12	—> [1, 1, 1, 0, 0, 0]
13	—> [1, 1, 1, 0, 1, 1]
14	—> [1, 1, 1, 1, 0, 1]
15	—> [1, 1, 1, 1, 1, 1]
+———+————————————————————————————————+——————————————————+———+
| k |               w                |        y         | E |
+———+————————————————————————————————+——————————————————+———+
| 1 |   0.06  0.09  0.21  0.14  0.09 | 1111111111111111 | 9 |
| 2 |  -0.27 -0.10  0.30  0.14  0.02 | 0000111100000011 | 1 |
| 3 |  -0.14  0.04  0.44  0.14  0.16 | 0111111101111111 | 7 |
| 4 |  -0.26  0.05  0.46  0.14  0.14 | 0001111100011111 | 3 |
| 5 |  -0.29  0.17  0.58  0.14  0.08 | 0000111100111111 | 3 |
| 6 |  -0.42  0.04  0.59 -0.01  0.21 | 0000111100001111 | 1 |
| 7 |  -0.40  0.06  0.61  0.12  0.21 | 0000111100001111 | 1 |
| 8 |  -0.49 -0.03  0.52  0.12  0.21 | 0000111100000111 | 0 |
+———+————————————————————————————————+——————————————————+———+