NET LEARNED FROM SETS
0	—> [0, 0, 0, 0, 1]
1	—> [0, 0, 0, 1, 1]
2	—> [0, 0, 1, 0, 1]
3	—> [0, 0, 1, 1, 1]
4	—> [0, 1, 0, 0, 0]
5	—> [0, 1, 0, 1, 1]
6	—> [0, 1, 1, 0, 1]
7	—> [0, 1, 1, 1, 1]
8	—> [1, 0, 0, 0, 0]
9	—> [1, 0, 0, 1, 1]
10	—> [1, 0, 1, 0, 1]
11	—> [1, 0, 1, 1, 1]
12	—> [1, 1, 0, 0, 0]
13	—> [1, 1, 0, 1, 1]
14	—> [1, 1, 1, 0, 1]
15	—> [1, 1, 1, 1, 1]
+———+——————————————————————————+——————————————————+———+
| k |            v             |        y         | E |
+———+——————————————————————————+——————————————————+———+
| 1 |   0.06 -0.08 -0.10 -0.06 | 0111011101110111 | 1 |
| 2 |   0.09 -0.14 -0.06 -0.08 | 1111011101110111 | 0 |
+———+——————————————————————————+——————————————————+———+