NET LEARNED FROM SETS
0	—> [0, 0, 0, 0, 1]
1	—> [0, 0, 0, 1, 1]
2	—> [0, 0, 1, 0, 1]
3	—> [0, 0, 1, 1, 1]
4	—> [0, 1, 0, 0, 1]
5	—> [0, 1, 0, 1, 1]
6	—> [0, 1, 1, 0, 1]
7	—> [0, 1, 1, 1, 1]
8	—> [1, 0, 0, 0, 1]
9	—> [1, 0, 0, 1, 1]
10	—> [1, 0, 1, 0, 1]
11	—> [1, 0, 1, 1, 1]
12	—> [1, 1, 0, 0, 0]
13	—> [1, 1, 0, 1, 0]
14	—> [1, 1, 1, 0, 0]
15	—> [1, 1, 1, 1, 1]
+———+——————————————————————————+——————————————————+————+
| k |            v             |        y         | E  |
+———+——————————————————————————+——————————————————+————+
| 1 |  -0.01 -0.13 -0.00 -0.00 | 0000000000000000 | 13 |
| 2 |   0.14 -0.24  0.00  0.00 | 1111111111110111 | 2  |
| 3 |   0.14 -0.27 -0.09  0.04 | 1111111111110011 | 1  |
| 4 |   0.14 -0.31 -0.06 -0.06 | 1111111111110001 | 0  |
+———+——————————————————————————+——————————————————+————+